<?xml version="1.0" encoding="utf-8"?><testsuites name="pytest tests"><testsuite name="pytest" errors="0" failures="0" skipped="0" tests="15" time="45.167" timestamp="2026-04-07T16:24:58.453991+00:00" hostname="agent-env-67e28c25-a5d7-49e1-bc9c-89851efdda0a"><testcase classname="backend.tests.test_sniperai.TestHealth" name="test_root" time="0.214" /><testcase classname="backend.tests.test_sniperai.TestHealth" name="test_stats" time="0.168" /><testcase classname="backend.tests.test_sniperai.TestScans" name="test_list_scans" time="0.128" /><testcase classname="backend.tests.test_sniperai.TestScans" name="test_create_scan_demo" time="0.140" /><testcase classname="backend.tests.test_sniperai.TestScans" name="test_get_scan" time="0.119" /><testcase classname="backend.tests.test_sniperai.TestScans" name="test_scan_output" time="2.141" /><testcase classname="backend.tests.test_sniperai.TestScans" name="test_scan_404" time="0.136" /><testcase classname="backend.tests.test_sniperai.TestScans" name="test_scan_findings" time="0.173" /><testcase classname="backend.tests.test_sniperai.TestScans" name="test_demo_scan_completes_with_findings" time="14.541" /><testcase classname="backend.tests.test_sniperai.TestFindings" name="test_get_all_findings" time="0.212" /><testcase classname="backend.tests.test_sniperai.TestFindings" name="test_get_findings_by_severity" time="0.141" /><testcase classname="backend.tests.test_sniperai.TestAI" name="test_ai_recommend" time="6.954" /><testcase classname="backend.tests.test_sniperai.TestAI" name="test_scan_analyze" time="0.227" /><testcase classname="backend.tests.test_sniperai.TestWorkspaces" name="test_get_workspaces" time="19.358" /><testcase classname="backend.tests.test_sniperai.TestCleanup" name="test_cleanup" time="0.386" /></testsuite></testsuites>